11:57:45 ERROR com.ast.ejecutorws.cmd.impl.SSLSoapCommand[153]: No se ha especificado password para el KeyStore 
11:57:45 ERROR com.ast.ejecutorws.cmd.impl.SSLSoapCommand[103]: Ocurrio un error al cargar el KeyStore 
11:57:50 INFO com.ast.ejecutorws.EjecutorWS[34]: Iniciando Ejecutor WS - v1.0.0 
11:57:50 DEBUG com.ast.ejecutorws.EjecutorWS[35]: java.library.path-------------------------------------------------------------------------------------------------------------- 
11:57:50 DEBUG com.ast.ejecutorws.EjecutorWS[36]: C:\Program Files\Java\jdk1.8.0_151\jre\bin;C:\WINDOWS\Sun\Java\bin;C:\WINDOWS\system32;C:\WINDOWS;C:\Program Files\Microsoft MPI\Bin\;C:\WINDOWS\system32;C:\WINDOWS;C:\WINDOWS\System32\Wbem;C:\WINDOWS\System32\WindowsPowerShell\v1.0\;C:\Program Files\Dell\Dell Data Protection\Drivers\TSS\bin\;C:\Program Files\PostgreSQL\9.6\bin;C:\Program Files\PostgreSQL\9.6\lib;C:\WINDOWS\System32\OpenSSH\;C:\HashiCorp\Vagrant\bin;C:\Program Files\Java\jdk1.8.0_151\bin;C:\apache-maven-3.6.0\bin;C:\xampp\mysql\bin;C:\Users\Christian Gutierrez\AppData\Local\Microsoft\WindowsApps;C:\adb;C:\Program Files\Git\cmd;C:\Program Files (x86)\Microsoft SQL Server\150\Tools\Binn\;C:\Program Files\Microsoft SQL Server\150\Tools\Binn\;C:\Program Files (x86)\Microsoft SQL Server\150\DTS\Binn\;C:\Program Files\Microsoft SQL Server\150\DTS\Binn\;C:\Program Files\Microsoft SQL Server\Client SDK\ODBC\170\Tools\Binn\;C:\WINDOWS\system32;C:\WINDOWS;C:\WINDOWS\System32\Wbem;C:\WINDOWS\System32\WindowsPowerShell\v1.0\;C:\WINDOWS\System32\OpenSSH\;C:\Program Files\Microsoft SQL Server Migration Assistant for MySQL\bin\;C:\Program Files\dotnet\;C:\Program Files\MySQL\MySQL Shell 8.0\bin\;. 
11:57:50 DEBUG com.ast.ejecutorws.EjecutorWS[37]: ------------------------------------------------------------------------------------------------------------------------------- 
11:57:50 DEBUG com.ast.ejecutorws.EjecutorWS[38]: [-c, SOAP, -e, http://172.28.195.215:9080/COBISCorp.eCOBIS.ControlSaldo.Service/ControlSaldoWSService, -a, http://service.controlsaldo.ecobis.cobiscorp.ws/ControlSaldo/ControlSaldoOp1, -r, D:\TFS2018\Conector ECHEQ v1.0\src\test\resources\request.xml] 
11:57:50 INFO com.ast.ejecutorws.config.Configuration[28]: Cargando configuraciones desde C:\Users\Christian Gutierrez\Documents\services\Fuentes\wsexecutor.conf 
11:57:50 INFO com.ast.ejecutorws.config.Configuration[31]: Cargandas configuraciones desde C:\Users\Christian Gutierrez\Documents\services\Fuentes\wsexecutor.conf 
11:57:50 INFO com.ast.ejecutorws.EjecutorWS[47]: Ejecutando Comando 
11:58:11 ERROR com.ast.ejecutorws.EjecutorWS[51]: Connect to 172.28.195.215:9080 [/172.28.195.215] failed: Connection timed out: connect 
11:58:11 INFO com.ast.ejecutorws.EjecutorWS[34]: Iniciando Ejecutor WS - v1.0.0 
11:58:11 DEBUG com.ast.ejecutorws.EjecutorWS[35]: java.library.path-------------------------------------------------------------------------------------------------------------- 
11:58:11 DEBUG com.ast.ejecutorws.EjecutorWS[36]: C:\Program Files\Java\jdk1.8.0_151\jre\bin;C:\WINDOWS\Sun\Java\bin;C:\WINDOWS\system32;C:\WINDOWS;C:\Program Files\Microsoft MPI\Bin\;C:\WINDOWS\system32;C:\WINDOWS;C:\WINDOWS\System32\Wbem;C:\WINDOWS\System32\WindowsPowerShell\v1.0\;C:\Program Files\Dell\Dell Data Protection\Drivers\TSS\bin\;C:\Program Files\PostgreSQL\9.6\bin;C:\Program Files\PostgreSQL\9.6\lib;C:\WINDOWS\System32\OpenSSH\;C:\HashiCorp\Vagrant\bin;C:\Program Files\Java\jdk1.8.0_151\bin;C:\apache-maven-3.6.0\bin;C:\xampp\mysql\bin;C:\Users\Christian Gutierrez\AppData\Local\Microsoft\WindowsApps;C:\adb;C:\Program Files\Git\cmd;C:\Program Files (x86)\Microsoft SQL Server\150\Tools\Binn\;C:\Program Files\Microsoft SQL Server\150\Tools\Binn\;C:\Program Files (x86)\Microsoft SQL Server\150\DTS\Binn\;C:\Program Files\Microsoft SQL Server\150\DTS\Binn\;C:\Program Files\Microsoft SQL Server\Client SDK\ODBC\170\Tools\Binn\;C:\WINDOWS\system32;C:\WINDOWS;C:\WINDOWS\System32\Wbem;C:\WINDOWS\System32\WindowsPowerShell\v1.0\;C:\WINDOWS\System32\OpenSSH\;C:\Program Files\Microsoft SQL Server Migration Assistant for MySQL\bin\;C:\Program Files\dotnet\;C:\Program Files\MySQL\MySQL Shell 8.0\bin\;. 
11:58:11 DEBUG com.ast.ejecutorws.EjecutorWS[37]: ------------------------------------------------------------------------------------------------------------------------------- 
11:58:11 DEBUG com.ast.ejecutorws.EjecutorWS[38]: [-c, ENCRYPT, -p, accusys123] 
11:58:11 INFO com.ast.ejecutorws.config.Configuration[28]: Cargando configuraciones desde C:\Users\Christian Gutierrez\Documents\services\Fuentes\wsexecutor.conf 
11:58:11 INFO com.ast.ejecutorws.config.Configuration[31]: Cargandas configuraciones desde C:\Users\Christian Gutierrez\Documents\services\Fuentes\wsexecutor.conf 
11:58:11 INFO com.ast.ejecutorws.EjecutorWS[47]: Ejecutando Comando 
11:58:11 INFO com.ast.ejecutorws.EjecutorWS[34]: Iniciando Ejecutor WS - v1.0.0 
11:58:11 DEBUG com.ast.ejecutorws.EjecutorWS[35]: java.library.path-------------------------------------------------------------------------------------------------------------- 
11:58:11 DEBUG com.ast.ejecutorws.EjecutorWS[36]: C:\Program Files\Java\jdk1.8.0_151\jre\bin;C:\WINDOWS\Sun\Java\bin;C:\WINDOWS\system32;C:\WINDOWS;C:\Program Files\Microsoft MPI\Bin\;C:\WINDOWS\system32;C:\WINDOWS;C:\WINDOWS\System32\Wbem;C:\WINDOWS\System32\WindowsPowerShell\v1.0\;C:\Program Files\Dell\Dell Data Protection\Drivers\TSS\bin\;C:\Program Files\PostgreSQL\9.6\bin;C:\Program Files\PostgreSQL\9.6\lib;C:\WINDOWS\System32\OpenSSH\;C:\HashiCorp\Vagrant\bin;C:\Program Files\Java\jdk1.8.0_151\bin;C:\apache-maven-3.6.0\bin;C:\xampp\mysql\bin;C:\Users\Christian Gutierrez\AppData\Local\Microsoft\WindowsApps;C:\adb;C:\Program Files\Git\cmd;C:\Program Files (x86)\Microsoft SQL Server\150\Tools\Binn\;C:\Program Files\Microsoft SQL Server\150\Tools\Binn\;C:\Program Files (x86)\Microsoft SQL Server\150\DTS\Binn\;C:\Program Files\Microsoft SQL Server\150\DTS\Binn\;C:\Program Files\Microsoft SQL Server\Client SDK\ODBC\170\Tools\Binn\;C:\WINDOWS\system32;C:\WINDOWS;C:\WINDOWS\System32\Wbem;C:\WINDOWS\System32\WindowsPowerShell\v1.0\;C:\WINDOWS\System32\OpenSSH\;C:\Program Files\Microsoft SQL Server Migration Assistant for MySQL\bin\;C:\Program Files\dotnet\;C:\Program Files\MySQL\MySQL Shell 8.0\bin\;. 
11:58:11 DEBUG com.ast.ejecutorws.EjecutorWS[37]: ------------------------------------------------------------------------------------------------------------------------------- 
11:58:11 DEBUG com.ast.ejecutorws.EjecutorWS[38]: [] 
11:58:11 INFO com.ast.ejecutorws.config.Configuration[28]: Cargando configuraciones desde C:\Users\Christian Gutierrez\Documents\services\Fuentes\wsexecutor.conf 
11:58:11 INFO com.ast.ejecutorws.config.Configuration[31]: Cargandas configuraciones desde C:\Users\Christian Gutierrez\Documents\services\Fuentes\wsexecutor.conf 
11:58:11 INFO com.ast.ejecutorws.EjecutorWS[47]: Ejecutando Comando 
11:58:11 INFO com.ast.ejecutorws.EjecutorWS[34]: Iniciando Ejecutor WS - v1.0.0 
11:58:11 DEBUG com.ast.ejecutorws.EjecutorWS[35]: java.library.path-------------------------------------------------------------------------------------------------------------- 
11:58:11 DEBUG com.ast.ejecutorws.EjecutorWS[36]: C:\Program Files\Java\jdk1.8.0_151\jre\bin;C:\WINDOWS\Sun\Java\bin;C:\WINDOWS\system32;C:\WINDOWS;C:\Program Files\Microsoft MPI\Bin\;C:\WINDOWS\system32;C:\WINDOWS;C:\WINDOWS\System32\Wbem;C:\WINDOWS\System32\WindowsPowerShell\v1.0\;C:\Program Files\Dell\Dell Data Protection\Drivers\TSS\bin\;C:\Program Files\PostgreSQL\9.6\bin;C:\Program Files\PostgreSQL\9.6\lib;C:\WINDOWS\System32\OpenSSH\;C:\HashiCorp\Vagrant\bin;C:\Program Files\Java\jdk1.8.0_151\bin;C:\apache-maven-3.6.0\bin;C:\xampp\mysql\bin;C:\Users\Christian Gutierrez\AppData\Local\Microsoft\WindowsApps;C:\adb;C:\Program Files\Git\cmd;C:\Program Files (x86)\Microsoft SQL Server\150\Tools\Binn\;C:\Program Files\Microsoft SQL Server\150\Tools\Binn\;C:\Program Files (x86)\Microsoft SQL Server\150\DTS\Binn\;C:\Program Files\Microsoft SQL Server\150\DTS\Binn\;C:\Program Files\Microsoft SQL Server\Client SDK\ODBC\170\Tools\Binn\;C:\WINDOWS\system32;C:\WINDOWS;C:\WINDOWS\System32\Wbem;C:\WINDOWS\System32\WindowsPowerShell\v1.0\;C:\WINDOWS\System32\OpenSSH\;C:\Program Files\Microsoft SQL Server Migration Assistant for MySQL\bin\;C:\Program Files\dotnet\;C:\Program Files\MySQL\MySQL Shell 8.0\bin\;. 
11:58:11 DEBUG com.ast.ejecutorws.EjecutorWS[37]: ------------------------------------------------------------------------------------------------------------------------------- 
11:58:11 DEBUG com.ast.ejecutorws.EjecutorWS[38]: [-c, SOAP, -e, https://wks0110.accusysargbsas.local:9446/AST-PRUEBA/PruebaSSL, -a, http://webservices.cts.ast/PruebaSSL/executeRequest, -r, D:\TFS2018\Conector ECHEQ v1.0\src\test\resources\request2.xml, -ts, ks.jks, -tp, accusys123] 
11:58:11 INFO com.ast.ejecutorws.config.Configuration[28]: Cargando configuraciones desde C:\Users\Christian Gutierrez\Documents\services\Fuentes\wsexecutor.conf 
11:58:11 INFO com.ast.ejecutorws.config.Configuration[31]: Cargandas configuraciones desde C:\Users\Christian Gutierrez\Documents\services\Fuentes\wsexecutor.conf 
11:58:11 INFO com.ast.ejecutorws.EjecutorWS[47]: Ejecutando Comando 
11:58:13 ERROR com.ast.ejecutorws.EjecutorWS[51]: wks0110.accusysargbsas.local 
11:58:27 ERROR com.ast.ejecutorws.cmd.impl.SSLSoapCommand[153]: No se ha especificado password para el KeyStore 
11:58:27 ERROR com.ast.ejecutorws.cmd.impl.SSLSoapCommand[103]: Ocurrio un error al cargar el KeyStore 
11:58:32 INFO com.ast.ejecutorws.EjecutorWS[34]: Iniciando Ejecutor WS - v1.0.0 
11:58:32 DEBUG com.ast.ejecutorws.EjecutorWS[35]: java.library.path-------------------------------------------------------------------------------------------------------------- 
11:58:32 DEBUG com.ast.ejecutorws.EjecutorWS[36]: C:\Program Files\Java\jdk1.8.0_151\jre\bin;C:\WINDOWS\Sun\Java\bin;C:\WINDOWS\system32;C:\WINDOWS;C:\Program Files\Microsoft MPI\Bin\;C:\WINDOWS\system32;C:\WINDOWS;C:\WINDOWS\System32\Wbem;C:\WINDOWS\System32\WindowsPowerShell\v1.0\;C:\Program Files\Dell\Dell Data Protection\Drivers\TSS\bin\;C:\Program Files\PostgreSQL\9.6\bin;C:\Program Files\PostgreSQL\9.6\lib;C:\WINDOWS\System32\OpenSSH\;C:\HashiCorp\Vagrant\bin;C:\Program Files\Java\jdk1.8.0_151\bin;C:\apache-maven-3.6.0\bin;C:\xampp\mysql\bin;C:\Users\Christian Gutierrez\AppData\Local\Microsoft\WindowsApps;C:\adb;C:\Program Files\Git\cmd;C:\Program Files (x86)\Microsoft SQL Server\150\Tools\Binn\;C:\Program Files\Microsoft SQL Server\150\Tools\Binn\;C:\Program Files (x86)\Microsoft SQL Server\150\DTS\Binn\;C:\Program Files\Microsoft SQL Server\150\DTS\Binn\;C:\Program Files\Microsoft SQL Server\Client SDK\ODBC\170\Tools\Binn\;C:\WINDOWS\system32;C:\WINDOWS;C:\WINDOWS\System32\Wbem;C:\WINDOWS\System32\WindowsPowerShell\v1.0\;C:\WINDOWS\System32\OpenSSH\;C:\Program Files\Microsoft SQL Server Migration Assistant for MySQL\bin\;C:\Program Files\dotnet\;C:\Program Files\MySQL\MySQL Shell 8.0\bin\;. 
11:58:32 DEBUG com.ast.ejecutorws.EjecutorWS[37]: ------------------------------------------------------------------------------------------------------------------------------- 
11:58:32 DEBUG com.ast.ejecutorws.EjecutorWS[38]: [-c, SOAP, -e, http://172.28.195.215:9080/COBISCorp.eCOBIS.ControlSaldo.Service/ControlSaldoWSService, -a, http://service.controlsaldo.ecobis.cobiscorp.ws/ControlSaldo/ControlSaldoOp1, -r, D:\TFS2018\Conector ECHEQ v1.0\src\test\resources\request.xml] 
11:58:32 INFO com.ast.ejecutorws.config.Configuration[28]: Cargando configuraciones desde C:\Users\Christian Gutierrez\Documents\services\Fuentes\wsexecutor.conf 
11:58:32 INFO com.ast.ejecutorws.config.Configuration[31]: Cargandas configuraciones desde C:\Users\Christian Gutierrez\Documents\services\Fuentes\wsexecutor.conf 
11:58:32 INFO com.ast.ejecutorws.EjecutorWS[47]: Ejecutando Comando 
11:58:53 ERROR com.ast.ejecutorws.EjecutorWS[51]: Connect to 172.28.195.215:9080 [/172.28.195.215] failed: Connection timed out: connect 
11:58:53 INFO com.ast.ejecutorws.EjecutorWS[34]: Iniciando Ejecutor WS - v1.0.0 
11:58:53 DEBUG com.ast.ejecutorws.EjecutorWS[35]: java.library.path-------------------------------------------------------------------------------------------------------------- 
11:58:53 DEBUG com.ast.ejecutorws.EjecutorWS[36]: C:\Program Files\Java\jdk1.8.0_151\jre\bin;C:\WINDOWS\Sun\Java\bin;C:\WINDOWS\system32;C:\WINDOWS;C:\Program Files\Microsoft MPI\Bin\;C:\WINDOWS\system32;C:\WINDOWS;C:\WINDOWS\System32\Wbem;C:\WINDOWS\System32\WindowsPowerShell\v1.0\;C:\Program Files\Dell\Dell Data Protection\Drivers\TSS\bin\;C:\Program Files\PostgreSQL\9.6\bin;C:\Program Files\PostgreSQL\9.6\lib;C:\WINDOWS\System32\OpenSSH\;C:\HashiCorp\Vagrant\bin;C:\Program Files\Java\jdk1.8.0_151\bin;C:\apache-maven-3.6.0\bin;C:\xampp\mysql\bin;C:\Users\Christian Gutierrez\AppData\Local\Microsoft\WindowsApps;C:\adb;C:\Program Files\Git\cmd;C:\Program Files (x86)\Microsoft SQL Server\150\Tools\Binn\;C:\Program Files\Microsoft SQL Server\150\Tools\Binn\;C:\Program Files (x86)\Microsoft SQL Server\150\DTS\Binn\;C:\Program Files\Microsoft SQL Server\150\DTS\Binn\;C:\Program Files\Microsoft SQL Server\Client SDK\ODBC\170\Tools\Binn\;C:\WINDOWS\system32;C:\WINDOWS;C:\WINDOWS\System32\Wbem;C:\WINDOWS\System32\WindowsPowerShell\v1.0\;C:\WINDOWS\System32\OpenSSH\;C:\Program Files\Microsoft SQL Server Migration Assistant for MySQL\bin\;C:\Program Files\dotnet\;C:\Program Files\MySQL\MySQL Shell 8.0\bin\;. 
11:58:53 DEBUG com.ast.ejecutorws.EjecutorWS[37]: ------------------------------------------------------------------------------------------------------------------------------- 
11:58:53 DEBUG com.ast.ejecutorws.EjecutorWS[38]: [-c, ENCRYPT, -p, accusys123] 
11:58:53 INFO com.ast.ejecutorws.config.Configuration[28]: Cargando configuraciones desde C:\Users\Christian Gutierrez\Documents\services\Fuentes\wsexecutor.conf 
11:58:53 INFO com.ast.ejecutorws.config.Configuration[31]: Cargandas configuraciones desde C:\Users\Christian Gutierrez\Documents\services\Fuentes\wsexecutor.conf 
11:58:53 INFO com.ast.ejecutorws.EjecutorWS[47]: Ejecutando Comando 
11:58:53 INFO com.ast.ejecutorws.EjecutorWS[34]: Iniciando Ejecutor WS - v1.0.0 
11:58:53 DEBUG com.ast.ejecutorws.EjecutorWS[35]: java.library.path-------------------------------------------------------------------------------------------------------------- 
11:58:53 DEBUG com.ast.ejecutorws.EjecutorWS[36]: C:\Program Files\Java\jdk1.8.0_151\jre\bin;C:\WINDOWS\Sun\Java\bin;C:\WINDOWS\system32;C:\WINDOWS;C:\Program Files\Microsoft MPI\Bin\;C:\WINDOWS\system32;C:\WINDOWS;C:\WINDOWS\System32\Wbem;C:\WINDOWS\System32\WindowsPowerShell\v1.0\;C:\Program Files\Dell\Dell Data Protection\Drivers\TSS\bin\;C:\Program Files\PostgreSQL\9.6\bin;C:\Program Files\PostgreSQL\9.6\lib;C:\WINDOWS\System32\OpenSSH\;C:\HashiCorp\Vagrant\bin;C:\Program Files\Java\jdk1.8.0_151\bin;C:\apache-maven-3.6.0\bin;C:\xampp\mysql\bin;C:\Users\Christian Gutierrez\AppData\Local\Microsoft\WindowsApps;C:\adb;C:\Program Files\Git\cmd;C:\Program Files (x86)\Microsoft SQL Server\150\Tools\Binn\;C:\Program Files\Microsoft SQL Server\150\Tools\Binn\;C:\Program Files (x86)\Microsoft SQL Server\150\DTS\Binn\;C:\Program Files\Microsoft SQL Server\150\DTS\Binn\;C:\Program Files\Microsoft SQL Server\Client SDK\ODBC\170\Tools\Binn\;C:\WINDOWS\system32;C:\WINDOWS;C:\WINDOWS\System32\Wbem;C:\WINDOWS\System32\WindowsPowerShell\v1.0\;C:\WINDOWS\System32\OpenSSH\;C:\Program Files\Microsoft SQL Server Migration Assistant for MySQL\bin\;C:\Program Files\dotnet\;C:\Program Files\MySQL\MySQL Shell 8.0\bin\;. 
11:58:53 DEBUG com.ast.ejecutorws.EjecutorWS[37]: ------------------------------------------------------------------------------------------------------------------------------- 
11:58:53 DEBUG com.ast.ejecutorws.EjecutorWS[38]: [] 
11:58:53 INFO com.ast.ejecutorws.config.Configuration[28]: Cargando configuraciones desde C:\Users\Christian Gutierrez\Documents\services\Fuentes\wsexecutor.conf 
11:58:53 INFO com.ast.ejecutorws.config.Configuration[31]: Cargandas configuraciones desde C:\Users\Christian Gutierrez\Documents\services\Fuentes\wsexecutor.conf 
11:58:53 INFO com.ast.ejecutorws.EjecutorWS[47]: Ejecutando Comando 
11:58:53 INFO com.ast.ejecutorws.EjecutorWS[34]: Iniciando Ejecutor WS - v1.0.0 
11:58:53 DEBUG com.ast.ejecutorws.EjecutorWS[35]: java.library.path-------------------------------------------------------------------------------------------------------------- 
11:58:53 DEBUG com.ast.ejecutorws.EjecutorWS[36]: C:\Program Files\Java\jdk1.8.0_151\jre\bin;C:\WINDOWS\Sun\Java\bin;C:\WINDOWS\system32;C:\WINDOWS;C:\Program Files\Microsoft MPI\Bin\;C:\WINDOWS\system32;C:\WINDOWS;C:\WINDOWS\System32\Wbem;C:\WINDOWS\System32\WindowsPowerShell\v1.0\;C:\Program Files\Dell\Dell Data Protection\Drivers\TSS\bin\;C:\Program Files\PostgreSQL\9.6\bin;C:\Program Files\PostgreSQL\9.6\lib;C:\WINDOWS\System32\OpenSSH\;C:\HashiCorp\Vagrant\bin;C:\Program Files\Java\jdk1.8.0_151\bin;C:\apache-maven-3.6.0\bin;C:\xampp\mysql\bin;C:\Users\Christian Gutierrez\AppData\Local\Microsoft\WindowsApps;C:\adb;C:\Program Files\Git\cmd;C:\Program Files (x86)\Microsoft SQL Server\150\Tools\Binn\;C:\Program Files\Microsoft SQL Server\150\Tools\Binn\;C:\Program Files (x86)\Microsoft SQL Server\150\DTS\Binn\;C:\Program Files\Microsoft SQL Server\150\DTS\Binn\;C:\Program Files\Microsoft SQL Server\Client SDK\ODBC\170\Tools\Binn\;C:\WINDOWS\system32;C:\WINDOWS;C:\WINDOWS\System32\Wbem;C:\WINDOWS\System32\WindowsPowerShell\v1.0\;C:\WINDOWS\System32\OpenSSH\;C:\Program Files\Microsoft SQL Server Migration Assistant for MySQL\bin\;C:\Program Files\dotnet\;C:\Program Files\MySQL\MySQL Shell 8.0\bin\;. 
11:58:53 DEBUG com.ast.ejecutorws.EjecutorWS[37]: ------------------------------------------------------------------------------------------------------------------------------- 
11:58:53 DEBUG com.ast.ejecutorws.EjecutorWS[38]: [-c, SOAP, -e, https://wks0110.accusysargbsas.local:9446/AST-PRUEBA/PruebaSSL, -a, http://webservices.cts.ast/PruebaSSL/executeRequest, -r, D:\TFS2018\Conector ECHEQ v1.0\src\test\resources\request2.xml, -ts, ks.jks, -tp, accusys123] 
11:58:53 INFO com.ast.ejecutorws.config.Configuration[28]: Cargando configuraciones desde C:\Users\Christian Gutierrez\Documents\services\Fuentes\wsexecutor.conf 
11:58:53 INFO com.ast.ejecutorws.config.Configuration[31]: Cargandas configuraciones desde C:\Users\Christian Gutierrez\Documents\services\Fuentes\wsexecutor.conf 
11:58:53 INFO com.ast.ejecutorws.EjecutorWS[47]: Ejecutando Comando 
11:58:55 ERROR com.ast.ejecutorws.EjecutorWS[51]: wks0110.accusysargbsas.local 
11:59:28 ERROR com.ast.ejecutorws.cmd.impl.SSLSoapCommand[153]: No se ha especificado password para el KeyStore 
11:59:28 ERROR com.ast.ejecutorws.cmd.impl.SSLSoapCommand[103]: Ocurrio un error al cargar el KeyStore 
11:59:38 INFO com.ast.ejecutorws.EjecutorWS[34]: Iniciando Ejecutor WS - v1.0.0 
11:59:38 DEBUG com.ast.ejecutorws.EjecutorWS[35]: java.library.path-------------------------------------------------------------------------------------------------------------- 
11:59:38 DEBUG com.ast.ejecutorws.EjecutorWS[36]: C:\Program Files\Java\jdk1.8.0_151\jre\bin;C:\WINDOWS\Sun\Java\bin;C:\WINDOWS\system32;C:\WINDOWS;C:\Program Files\Microsoft MPI\Bin\;C:\WINDOWS\system32;C:\WINDOWS;C:\WINDOWS\System32\Wbem;C:\WINDOWS\System32\WindowsPowerShell\v1.0\;C:\Program Files\Dell\Dell Data Protection\Drivers\TSS\bin\;C:\Program Files\PostgreSQL\9.6\bin;C:\Program Files\PostgreSQL\9.6\lib;C:\WINDOWS\System32\OpenSSH\;C:\HashiCorp\Vagrant\bin;C:\Program Files\Java\jdk1.8.0_151\bin;C:\apache-maven-3.6.0\bin;C:\xampp\mysql\bin;C:\Users\Christian Gutierrez\AppData\Local\Microsoft\WindowsApps;C:\adb;C:\Program Files\Git\cmd;C:\Program Files (x86)\Microsoft SQL Server\150\Tools\Binn\;C:\Program Files\Microsoft SQL Server\150\Tools\Binn\;C:\Program Files (x86)\Microsoft SQL Server\150\DTS\Binn\;C:\Program Files\Microsoft SQL Server\150\DTS\Binn\;C:\Program Files\Microsoft SQL Server\Client SDK\ODBC\170\Tools\Binn\;C:\WINDOWS\system32;C:\WINDOWS;C:\WINDOWS\System32\Wbem;C:\WINDOWS\System32\WindowsPowerShell\v1.0\;C:\WINDOWS\System32\OpenSSH\;C:\Program Files\Microsoft SQL Server Migration Assistant for MySQL\bin\;C:\Program Files\dotnet\;C:\Program Files\MySQL\MySQL Shell 8.0\bin\;. 
11:59:38 DEBUG com.ast.ejecutorws.EjecutorWS[37]: ------------------------------------------------------------------------------------------------------------------------------- 
11:59:38 DEBUG com.ast.ejecutorws.EjecutorWS[38]: [-c, SOAP, -e, http://172.28.195.215:9080/COBISCorp.eCOBIS.ControlSaldo.Service/ControlSaldoWSService, -a, http://service.controlsaldo.ecobis.cobiscorp.ws/ControlSaldo/ControlSaldoOp1, -r, D:\TFS2018\Conector ECHEQ v1.0\src\test\resources\request.xml] 
11:59:38 INFO com.ast.ejecutorws.config.Configuration[28]: Cargando configuraciones desde C:\Users\Christian Gutierrez\Documents\services\Fuentes\wsexecutor.conf 
11:59:38 INFO com.ast.ejecutorws.config.Configuration[31]: Cargandas configuraciones desde C:\Users\Christian Gutierrez\Documents\services\Fuentes\wsexecutor.conf 
11:59:38 INFO com.ast.ejecutorws.EjecutorWS[47]: Ejecutando Comando 
11:59:59 ERROR com.ast.ejecutorws.EjecutorWS[51]: Connect to 172.28.195.215:9080 [/172.28.195.215] failed: Connection timed out: connect 
11:59:59 INFO com.ast.ejecutorws.EjecutorWS[34]: Iniciando Ejecutor WS - v1.0.0 
11:59:59 DEBUG com.ast.ejecutorws.EjecutorWS[35]: java.library.path-------------------------------------------------------------------------------------------------------------- 
11:59:59 DEBUG com.ast.ejecutorws.EjecutorWS[36]: C:\Program Files\Java\jdk1.8.0_151\jre\bin;C:\WINDOWS\Sun\Java\bin;C:\WINDOWS\system32;C:\WINDOWS;C:\Program Files\Microsoft MPI\Bin\;C:\WINDOWS\system32;C:\WINDOWS;C:\WINDOWS\System32\Wbem;C:\WINDOWS\System32\WindowsPowerShell\v1.0\;C:\Program Files\Dell\Dell Data Protection\Drivers\TSS\bin\;C:\Program Files\PostgreSQL\9.6\bin;C:\Program Files\PostgreSQL\9.6\lib;C:\WINDOWS\System32\OpenSSH\;C:\HashiCorp\Vagrant\bin;C:\Program Files\Java\jdk1.8.0_151\bin;C:\apache-maven-3.6.0\bin;C:\xampp\mysql\bin;C:\Users\Christian Gutierrez\AppData\Local\Microsoft\WindowsApps;C:\adb;C:\Program Files\Git\cmd;C:\Program Files (x86)\Microsoft SQL Server\150\Tools\Binn\;C:\Program Files\Microsoft SQL Server\150\Tools\Binn\;C:\Program Files (x86)\Microsoft SQL Server\150\DTS\Binn\;C:\Program Files\Microsoft SQL Server\150\DTS\Binn\;C:\Program Files\Microsoft SQL Server\Client SDK\ODBC\170\Tools\Binn\;C:\WINDOWS\system32;C:\WINDOWS;C:\WINDOWS\System32\Wbem;C:\WINDOWS\System32\WindowsPowerShell\v1.0\;C:\WINDOWS\System32\OpenSSH\;C:\Program Files\Microsoft SQL Server Migration Assistant for MySQL\bin\;C:\Program Files\dotnet\;C:\Program Files\MySQL\MySQL Shell 8.0\bin\;. 
11:59:59 DEBUG com.ast.ejecutorws.EjecutorWS[37]: ------------------------------------------------------------------------------------------------------------------------------- 
11:59:59 DEBUG com.ast.ejecutorws.EjecutorWS[38]: [-c, ENCRYPT, -p, accusys123] 
11:59:59 INFO com.ast.ejecutorws.config.Configuration[28]: Cargando configuraciones desde C:\Users\Christian Gutierrez\Documents\services\Fuentes\wsexecutor.conf 
11:59:59 INFO com.ast.ejecutorws.config.Configuration[31]: Cargandas configuraciones desde C:\Users\Christian Gutierrez\Documents\services\Fuentes\wsexecutor.conf 
11:59:59 INFO com.ast.ejecutorws.EjecutorWS[47]: Ejecutando Comando 
11:59:59 INFO com.ast.ejecutorws.EjecutorWS[34]: Iniciando Ejecutor WS - v1.0.0 
11:59:59 DEBUG com.ast.ejecutorws.EjecutorWS[35]: java.library.path-------------------------------------------------------------------------------------------------------------- 
11:59:59 DEBUG com.ast.ejecutorws.EjecutorWS[36]: C:\Program Files\Java\jdk1.8.0_151\jre\bin;C:\WINDOWS\Sun\Java\bin;C:\WINDOWS\system32;C:\WINDOWS;C:\Program Files\Microsoft MPI\Bin\;C:\WINDOWS\system32;C:\WINDOWS;C:\WINDOWS\System32\Wbem;C:\WINDOWS\System32\WindowsPowerShell\v1.0\;C:\Program Files\Dell\Dell Data Protection\Drivers\TSS\bin\;C:\Program Files\PostgreSQL\9.6\bin;C:\Program Files\PostgreSQL\9.6\lib;C:\WINDOWS\System32\OpenSSH\;C:\HashiCorp\Vagrant\bin;C:\Program Files\Java\jdk1.8.0_151\bin;C:\apache-maven-3.6.0\bin;C:\xampp\mysql\bin;C:\Users\Christian Gutierrez\AppData\Local\Microsoft\WindowsApps;C:\adb;C:\Program Files\Git\cmd;C:\Program Files (x86)\Microsoft SQL Server\150\Tools\Binn\;C:\Program Files\Microsoft SQL Server\150\Tools\Binn\;C:\Program Files (x86)\Microsoft SQL Server\150\DTS\Binn\;C:\Program Files\Microsoft SQL Server\150\DTS\Binn\;C:\Program Files\Microsoft SQL Server\Client SDK\ODBC\170\Tools\Binn\;C:\WINDOWS\system32;C:\WINDOWS;C:\WINDOWS\System32\Wbem;C:\WINDOWS\System32\WindowsPowerShell\v1.0\;C:\WINDOWS\System32\OpenSSH\;C:\Program Files\Microsoft SQL Server Migration Assistant for MySQL\bin\;C:\Program Files\dotnet\;C:\Program Files\MySQL\MySQL Shell 8.0\bin\;. 
11:59:59 DEBUG com.ast.ejecutorws.EjecutorWS[37]: ------------------------------------------------------------------------------------------------------------------------------- 
11:59:59 DEBUG com.ast.ejecutorws.EjecutorWS[38]: [] 
11:59:59 INFO com.ast.ejecutorws.config.Configuration[28]: Cargando configuraciones desde C:\Users\Christian Gutierrez\Documents\services\Fuentes\wsexecutor.conf 
11:59:59 INFO com.ast.ejecutorws.config.Configuration[31]: Cargandas configuraciones desde C:\Users\Christian Gutierrez\Documents\services\Fuentes\wsexecutor.conf 
11:59:59 INFO com.ast.ejecutorws.EjecutorWS[47]: Ejecutando Comando 
11:59:59 INFO com.ast.ejecutorws.EjecutorWS[34]: Iniciando Ejecutor WS - v1.0.0 
11:59:59 DEBUG com.ast.ejecutorws.EjecutorWS[35]: java.library.path-------------------------------------------------------------------------------------------------------------- 
11:59:59 DEBUG com.ast.ejecutorws.EjecutorWS[36]: C:\Program Files\Java\jdk1.8.0_151\jre\bin;C:\WINDOWS\Sun\Java\bin;C:\WINDOWS\system32;C:\WINDOWS;C:\Program Files\Microsoft MPI\Bin\;C:\WINDOWS\system32;C:\WINDOWS;C:\WINDOWS\System32\Wbem;C:\WINDOWS\System32\WindowsPowerShell\v1.0\;C:\Program Files\Dell\Dell Data Protection\Drivers\TSS\bin\;C:\Program Files\PostgreSQL\9.6\bin;C:\Program Files\PostgreSQL\9.6\lib;C:\WINDOWS\System32\OpenSSH\;C:\HashiCorp\Vagrant\bin;C:\Program Files\Java\jdk1.8.0_151\bin;C:\apache-maven-3.6.0\bin;C:\xampp\mysql\bin;C:\Users\Christian Gutierrez\AppData\Local\Microsoft\WindowsApps;C:\adb;C:\Program Files\Git\cmd;C:\Program Files (x86)\Microsoft SQL Server\150\Tools\Binn\;C:\Program Files\Microsoft SQL Server\150\Tools\Binn\;C:\Program Files (x86)\Microsoft SQL Server\150\DTS\Binn\;C:\Program Files\Microsoft SQL Server\150\DTS\Binn\;C:\Program Files\Microsoft SQL Server\Client SDK\ODBC\170\Tools\Binn\;C:\WINDOWS\system32;C:\WINDOWS;C:\WINDOWS\System32\Wbem;C:\WINDOWS\System32\WindowsPowerShell\v1.0\;C:\WINDOWS\System32\OpenSSH\;C:\Program Files\Microsoft SQL Server Migration Assistant for MySQL\bin\;C:\Program Files\dotnet\;C:\Program Files\MySQL\MySQL Shell 8.0\bin\;. 
11:59:59 DEBUG com.ast.ejecutorws.EjecutorWS[37]: ------------------------------------------------------------------------------------------------------------------------------- 
11:59:59 DEBUG com.ast.ejecutorws.EjecutorWS[38]: [-c, SOAP, -e, https://wks0110.accusysargbsas.local:9446/AST-PRUEBA/PruebaSSL, -a, http://webservices.cts.ast/PruebaSSL/executeRequest, -r, D:\TFS2018\Conector ECHEQ v1.0\src\test\resources\request2.xml, -ts, ks.jks, -tp, accusys123] 
11:59:59 INFO com.ast.ejecutorws.config.Configuration[28]: Cargando configuraciones desde C:\Users\Christian Gutierrez\Documents\services\Fuentes\wsexecutor.conf 
11:59:59 INFO com.ast.ejecutorws.config.Configuration[31]: Cargandas configuraciones desde C:\Users\Christian Gutierrez\Documents\services\Fuentes\wsexecutor.conf 
11:59:59 INFO com.ast.ejecutorws.EjecutorWS[47]: Ejecutando Comando 
12:00:03 ERROR com.ast.ejecutorws.EjecutorWS[51]: wks0110.accusysargbsas.local 
12:00:54 ERROR com.ast.ejecutorws.cmd.impl.SSLSoapCommand[153]: No se ha especificado password para el KeyStore 
12:00:54 ERROR com.ast.ejecutorws.cmd.impl.SSLSoapCommand[103]: Ocurrio un error al cargar el KeyStore 
12:01:07 INFO com.ast.ejecutorws.EjecutorWS[34]: Iniciando Ejecutor WS - v1.0.0 
12:01:07 DEBUG com.ast.ejecutorws.EjecutorWS[35]: java.library.path-------------------------------------------------------------------------------------------------------------- 
12:01:07 DEBUG com.ast.ejecutorws.EjecutorWS[36]: C:\Program Files\Java\jdk1.8.0_151\jre\bin;C:\WINDOWS\Sun\Java\bin;C:\WINDOWS\system32;C:\WINDOWS;C:\Program Files\Microsoft MPI\Bin\;C:\WINDOWS\system32;C:\WINDOWS;C:\WINDOWS\System32\Wbem;C:\WINDOWS\System32\WindowsPowerShell\v1.0\;C:\Program Files\Dell\Dell Data Protection\Drivers\TSS\bin\;C:\Program Files\PostgreSQL\9.6\bin;C:\Program Files\PostgreSQL\9.6\lib;C:\WINDOWS\System32\OpenSSH\;C:\HashiCorp\Vagrant\bin;C:\Program Files\Java\jdk1.8.0_151\bin;C:\apache-maven-3.6.0\bin;C:\xampp\mysql\bin;C:\Users\Christian Gutierrez\AppData\Local\Microsoft\WindowsApps;C:\adb;C:\Program Files\Git\cmd;C:\Program Files (x86)\Microsoft SQL Server\150\Tools\Binn\;C:\Program Files\Microsoft SQL Server\150\Tools\Binn\;C:\Program Files (x86)\Microsoft SQL Server\150\DTS\Binn\;C:\Program Files\Microsoft SQL Server\150\DTS\Binn\;C:\Program Files\Microsoft SQL Server\Client SDK\ODBC\170\Tools\Binn\;C:\WINDOWS\system32;C:\WINDOWS;C:\WINDOWS\System32\Wbem;C:\WINDOWS\System32\WindowsPowerShell\v1.0\;C:\WINDOWS\System32\OpenSSH\;C:\Program Files\Microsoft SQL Server Migration Assistant for MySQL\bin\;C:\Program Files\dotnet\;C:\Program Files\MySQL\MySQL Shell 8.0\bin\;. 
12:01:07 DEBUG com.ast.ejecutorws.EjecutorWS[37]: ------------------------------------------------------------------------------------------------------------------------------- 
12:01:07 DEBUG com.ast.ejecutorws.EjecutorWS[38]: [-c, SOAP, -e, http://172.28.195.215:9080/COBISCorp.eCOBIS.ControlSaldo.Service/ControlSaldoWSService, -a, http://service.controlsaldo.ecobis.cobiscorp.ws/ControlSaldo/ControlSaldoOp1, -r, D:\TFS2018\Conector ECHEQ v1.0\src\test\resources\request.xml] 
12:01:07 INFO com.ast.ejecutorws.config.Configuration[28]: Cargando configuraciones desde C:\Users\Christian Gutierrez\Documents\services\Fuentes\wsexecutor.conf 
12:01:07 INFO com.ast.ejecutorws.config.Configuration[31]: Cargandas configuraciones desde C:\Users\Christian Gutierrez\Documents\services\Fuentes\wsexecutor.conf 
12:01:07 INFO com.ast.ejecutorws.EjecutorWS[47]: Ejecutando Comando 
12:01:28 ERROR com.ast.ejecutorws.EjecutorWS[51]: Connect to 172.28.195.215:9080 [/172.28.195.215] failed: Connection timed out: connect 
12:01:28 INFO com.ast.ejecutorws.EjecutorWS[34]: Iniciando Ejecutor WS - v1.0.0 
12:01:28 DEBUG com.ast.ejecutorws.EjecutorWS[35]: java.library.path-------------------------------------------------------------------------------------------------------------- 
12:01:28 DEBUG com.ast.ejecutorws.EjecutorWS[36]: C:\Program Files\Java\jdk1.8.0_151\jre\bin;C:\WINDOWS\Sun\Java\bin;C:\WINDOWS\system32;C:\WINDOWS;C:\Program Files\Microsoft MPI\Bin\;C:\WINDOWS\system32;C:\WINDOWS;C:\WINDOWS\System32\Wbem;C:\WINDOWS\System32\WindowsPowerShell\v1.0\;C:\Program Files\Dell\Dell Data Protection\Drivers\TSS\bin\;C:\Program Files\PostgreSQL\9.6\bin;C:\Program Files\PostgreSQL\9.6\lib;C:\WINDOWS\System32\OpenSSH\;C:\HashiCorp\Vagrant\bin;C:\Program Files\Java\jdk1.8.0_151\bin;C:\apache-maven-3.6.0\bin;C:\xampp\mysql\bin;C:\Users\Christian Gutierrez\AppData\Local\Microsoft\WindowsApps;C:\adb;C:\Program Files\Git\cmd;C:\Program Files (x86)\Microsoft SQL Server\150\Tools\Binn\;C:\Program Files\Microsoft SQL Server\150\Tools\Binn\;C:\Program Files (x86)\Microsoft SQL Server\150\DTS\Binn\;C:\Program Files\Microsoft SQL Server\150\DTS\Binn\;C:\Program Files\Microsoft SQL Server\Client SDK\ODBC\170\Tools\Binn\;C:\WINDOWS\system32;C:\WINDOWS;C:\WINDOWS\System32\Wbem;C:\WINDOWS\System32\WindowsPowerShell\v1.0\;C:\WINDOWS\System32\OpenSSH\;C:\Program Files\Microsoft SQL Server Migration Assistant for MySQL\bin\;C:\Program Files\dotnet\;C:\Program Files\MySQL\MySQL Shell 8.0\bin\;. 
12:01:28 DEBUG com.ast.ejecutorws.EjecutorWS[37]: ------------------------------------------------------------------------------------------------------------------------------- 
12:01:28 DEBUG com.ast.ejecutorws.EjecutorWS[38]: [-c, ENCRYPT, -p, accusys123] 
12:01:28 INFO com.ast.ejecutorws.config.Configuration[28]: Cargando configuraciones desde C:\Users\Christian Gutierrez\Documents\services\Fuentes\wsexecutor.conf 
12:01:28 INFO com.ast.ejecutorws.config.Configuration[31]: Cargandas configuraciones desde C:\Users\Christian Gutierrez\Documents\services\Fuentes\wsexecutor.conf 
12:01:28 INFO com.ast.ejecutorws.EjecutorWS[47]: Ejecutando Comando 
12:01:28 INFO com.ast.ejecutorws.EjecutorWS[34]: Iniciando Ejecutor WS - v1.0.0 
12:01:28 DEBUG com.ast.ejecutorws.EjecutorWS[35]: java.library.path-------------------------------------------------------------------------------------------------------------- 
12:01:28 DEBUG com.ast.ejecutorws.EjecutorWS[36]: C:\Program Files\Java\jdk1.8.0_151\jre\bin;C:\WINDOWS\Sun\Java\bin;C:\WINDOWS\system32;C:\WINDOWS;C:\Program Files\Microsoft MPI\Bin\;C:\WINDOWS\system32;C:\WINDOWS;C:\WINDOWS\System32\Wbem;C:\WINDOWS\System32\WindowsPowerShell\v1.0\;C:\Program Files\Dell\Dell Data Protection\Drivers\TSS\bin\;C:\Program Files\PostgreSQL\9.6\bin;C:\Program Files\PostgreSQL\9.6\lib;C:\WINDOWS\System32\OpenSSH\;C:\HashiCorp\Vagrant\bin;C:\Program Files\Java\jdk1.8.0_151\bin;C:\apache-maven-3.6.0\bin;C:\xampp\mysql\bin;C:\Users\Christian Gutierrez\AppData\Local\Microsoft\WindowsApps;C:\adb;C:\Program Files\Git\cmd;C:\Program Files (x86)\Microsoft SQL Server\150\Tools\Binn\;C:\Program Files\Microsoft SQL Server\150\Tools\Binn\;C:\Program Files (x86)\Microsoft SQL Server\150\DTS\Binn\;C:\Program Files\Microsoft SQL Server\150\DTS\Binn\;C:\Program Files\Microsoft SQL Server\Client SDK\ODBC\170\Tools\Binn\;C:\WINDOWS\system32;C:\WINDOWS;C:\WINDOWS\System32\Wbem;C:\WINDOWS\System32\WindowsPowerShell\v1.0\;C:\WINDOWS\System32\OpenSSH\;C:\Program Files\Microsoft SQL Server Migration Assistant for MySQL\bin\;C:\Program Files\dotnet\;C:\Program Files\MySQL\MySQL Shell 8.0\bin\;. 
12:01:28 DEBUG com.ast.ejecutorws.EjecutorWS[37]: ------------------------------------------------------------------------------------------------------------------------------- 
12:01:28 DEBUG com.ast.ejecutorws.EjecutorWS[38]: [] 
12:01:28 INFO com.ast.ejecutorws.config.Configuration[28]: Cargando configuraciones desde C:\Users\Christian Gutierrez\Documents\services\Fuentes\wsexecutor.conf 
12:01:28 INFO com.ast.ejecutorws.config.Configuration[31]: Cargandas configuraciones desde C:\Users\Christian Gutierrez\Documents\services\Fuentes\wsexecutor.conf 
12:01:28 INFO com.ast.ejecutorws.EjecutorWS[47]: Ejecutando Comando 
12:01:28 INFO com.ast.ejecutorws.EjecutorWS[34]: Iniciando Ejecutor WS - v1.0.0 
12:01:28 DEBUG com.ast.ejecutorws.EjecutorWS[35]: java.library.path-------------------------------------------------------------------------------------------------------------- 
12:01:28 DEBUG com.ast.ejecutorws.EjecutorWS[36]: C:\Program Files\Java\jdk1.8.0_151\jre\bin;C:\WINDOWS\Sun\Java\bin;C:\WINDOWS\system32;C:\WINDOWS;C:\Program Files\Microsoft MPI\Bin\;C:\WINDOWS\system32;C:\WINDOWS;C:\WINDOWS\System32\Wbem;C:\WINDOWS\System32\WindowsPowerShell\v1.0\;C:\Program Files\Dell\Dell Data Protection\Drivers\TSS\bin\;C:\Program Files\PostgreSQL\9.6\bin;C:\Program Files\PostgreSQL\9.6\lib;C:\WINDOWS\System32\OpenSSH\;C:\HashiCorp\Vagrant\bin;C:\Program Files\Java\jdk1.8.0_151\bin;C:\apache-maven-3.6.0\bin;C:\xampp\mysql\bin;C:\Users\Christian Gutierrez\AppData\Local\Microsoft\WindowsApps;C:\adb;C:\Program Files\Git\cmd;C:\Program Files (x86)\Microsoft SQL Server\150\Tools\Binn\;C:\Program Files\Microsoft SQL Server\150\Tools\Binn\;C:\Program Files (x86)\Microsoft SQL Server\150\DTS\Binn\;C:\Program Files\Microsoft SQL Server\150\DTS\Binn\;C:\Program Files\Microsoft SQL Server\Client SDK\ODBC\170\Tools\Binn\;C:\WINDOWS\system32;C:\WINDOWS;C:\WINDOWS\System32\Wbem;C:\WINDOWS\System32\WindowsPowerShell\v1.0\;C:\WINDOWS\System32\OpenSSH\;C:\Program Files\Microsoft SQL Server Migration Assistant for MySQL\bin\;C:\Program Files\dotnet\;C:\Program Files\MySQL\MySQL Shell 8.0\bin\;. 
12:01:28 DEBUG com.ast.ejecutorws.EjecutorWS[37]: ------------------------------------------------------------------------------------------------------------------------------- 
12:01:28 DEBUG com.ast.ejecutorws.EjecutorWS[38]: [-c, SOAP, -e, https://wks0110.accusysargbsas.local:9446/AST-PRUEBA/PruebaSSL, -a, http://webservices.cts.ast/PruebaSSL/executeRequest, -r, D:\TFS2018\Conector ECHEQ v1.0\src\test\resources\request2.xml, -ts, ks.jks, -tp, accusys123] 
12:01:28 INFO com.ast.ejecutorws.config.Configuration[28]: Cargando configuraciones desde C:\Users\Christian Gutierrez\Documents\services\Fuentes\wsexecutor.conf 
12:01:28 INFO com.ast.ejecutorws.config.Configuration[31]: Cargandas configuraciones desde C:\Users\Christian Gutierrez\Documents\services\Fuentes\wsexecutor.conf 
12:01:28 INFO com.ast.ejecutorws.EjecutorWS[47]: Ejecutando Comando 
12:01:32 ERROR com.ast.ejecutorws.EjecutorWS[51]: wks0110.accusysargbsas.local 
